This is LuaTeX, Version beta-0.80.0 (MiKTeX 2.9 64-bit) (rev 5238)  (format=lualatex 2016.3.28)  28 MAR 2016 10:41
**untitled-4.tex
(./untitled-4.tex
LaTeX2e <2015/10/01> patch level 2
Babel <3.9n> and hyphenation patterns for 69 languages loaded.

("C:/Users/xin_chen/AppData/Local/Programs/MiKTeX 2.9/tex/latex/beamer/base/bea
mer.cls"
("C:/Users/xin_chen/AppData/Local/Programs/MiKTeX 2.9/tex/latex/beamer/base/bea
merbasercs.sty"
Package: beamerbasercs 2015/03/08 (rcs-revision 368aa9ba9d38)
)
Document Class: beamer 2015/01/05 3.36 A class for typesetting presentations (rc
s-revision 8a39122e1f63)

("C:/Users/xin_chen/AppData/Local/Programs/MiKTeX 2.9/tex/latex/beamer/base/bea
merbasemodes.sty"
Package: beamerbasemodes 2013/09/03 (rcs-revision 768f2d98ca64)
\beamer@tempbox=\box26
\beamer@tempcount=\count79
\c@beamerpauses=\count80

("C:/Users/xin_chen/AppData/Local/Programs/MiKTeX 2.9/tex/latex/beamer/base/bea
merbasedecode.sty"
Package: beamerbasedecode 2010/05/01 (rcs-revision efa082c6111d)
\beamer@slideinframe=\count81
\beamer@minimum=\count82
)
\beamer@commentbox=\box27
\beamer@modecount=\count83
)
("C:/Users/xin_chen/AppData/Local/Programs/MiKTeX 2.9/tex/generic/oberdiek/ifpd
f.sty"
Package: ifpdf 2011/01/30 v2.3 Provides the ifpdf switch (HO)
Package ifpdf Info: pdfTeX in PDF mode is detected.
)
\headheight=\dimen102
\headdp=\dimen103
\footheight=\dimen104
\sidebarheight=\dimen105
\beamer@tempdim=\dimen106
\beamer@finalheight=\dimen107
\beamer@animht=\dimen108
\beamer@animdp=\dimen109
\beamer@animwd=\dimen110
\beamer@leftmargin=\dimen111
\beamer@rightmargin=\dimen112
\beamer@leftsidebar=\dimen113
\beamer@rightsidebar=\dimen114
\beamer@boxsize=\dimen115
\beamer@vboxoffset=\dimen116
\beamer@descdefault=\dimen117
\beamer@descriptionwidth=\dimen118
\beamer@lastskip=\skip41
\beamer@areabox=\box28
\beamer@animcurrent=\box29
\beamer@animshowbox=\box30
\beamer@sectionbox=\box31
\beamer@logobox=\box32
\beamer@linebox=\box33
\beamer@sectioncount=\count84
\beamer@subsubsectionmax=\count85
\beamer@subsectionmax=\count86
\beamer@sectionmax=\count87
\beamer@totalheads=\count88
\beamer@headcounter=\count89
\beamer@partstartpage=\count90
\beamer@sectionstartpage=\count91
\beamer@subsectionstartpage=\count92
\beamer@animationtempa=\count93
\beamer@animationtempb=\count94
\beamer@xpos=\count95
\beamer@ypos=\count96
\beamer@showpartnumber=\count97
\beamer@currentsubsection=\count98
\beamer@coveringdepth=\count99
\beamer@sectionadjust=\count100
\beamer@tocsectionnumber=\count101

("C:/Users/xin_chen/AppData/Local/Programs/MiKTeX 2.9/tex/latex/beamer/base/bea
merbaseoptions.sty"
Package: beamerbaseoptions 2013/03/10 (rcs-revision 47431932db0d)

("C:/Users/xin_chen/AppData/Local/Programs/MiKTeX 2.9/tex/latex/graphics/keyval
.sty"
Package: keyval 2014/10/28 v1.15 key=value parser (DPC)
\KV@toks@=\toks14
))
\beamer@paperwidth=\skip42
\beamer@paperheight=\skip43

("C:/Users/xin_chen/AppData/Local/Programs/MiKTeX 2.9/tex/latex/geometry/geomet
ry.sty"
Package: geometry 2010/09/12 v5.6 Page Geometry

("C:/Users/xin_chen/AppData/Local/Programs/MiKTeX 2.9/tex/generic/oberdiek/ifvt
ex.sty"
Package: ifvtex 2010/03/01 v1.5 Detect VTeX and its facilities (HO)
Package ifvtex Info: VTeX not detected.
)
("C:/Users/xin_chen/AppData/Local/Programs/MiKTeX 2.9/tex/generic/ifxetex/ifxet
ex.sty"
Package: ifxetex 2010/09/12 v0.6 Provides ifxetex conditional
)
\Gm@cnth=\count102
\Gm@cntv=\count103
\c@Gm@tempcnt=\count104
\Gm@bindingoffset=\dimen119
\Gm@wd@mp=\dimen120
\Gm@odd@mp=\dimen121
\Gm@even@mp=\dimen122
\Gm@layoutwidth=\dimen123
\Gm@layoutheight=\dimen124
\Gm@layouthoffset=\dimen125
\Gm@layoutvoffset=\dimen126
\Gm@dimlist=\toks15

("C:/Users/xin_chen/AppData/Local/Programs/MiKTeX 2.9/tex/latex/geometry/geomet
ry.cfg"))
("C:/Users/xin_chen/AppData/Local/Programs/MiKTeX 2.9/tex/latex/base/size11.clo
"
File: size11.clo 2014/09/29 v1.4h Standard LaTeX file (size option)
)
("C:/Users/xin_chen/AppData/Local/Programs/MiKTeX 2.9/tex/latex/pgf/basiclayer/
pgfcore.sty"
("C:/Users/xin_chen/AppData/Local/Programs/MiKTeX 2.9/tex/latex/graphics/graphi
cx.sty"
Package: graphicx 2014/10/28 v1.0g Enhanced LaTeX Graphics (DPC,SPQR)

("C:/Users/xin_chen/AppData/Local/Programs/MiKTeX 2.9/tex/latex/graphics/graphi
cs.sty"
Package: graphics 2014/10/28 v1.0p Standard LaTeX Graphics (DPC,SPQR)

("C:/Users/xin_chen/AppData/Local/Programs/MiKTeX 2.9/tex/latex/graphics/trig.s
ty"
Package: trig 1999/03/16 v1.09 sin cos tan (DPC)
)
("C:/Users/xin_chen/AppData/Local/Programs/MiKTeX 2.9/tex/latex/00miktex/graphi
cs.cfg"
File: graphics.cfg 2007/01/18 v1.5 graphics configuration of teTeX/TeXLive
)
Package graphics Info: Driver file: pdftex.def on input line 94.

("C:/Users/xin_chen/AppData/Local/Programs/MiKTeX 2.9/tex/latex/pdftex-def/pdft
ex.def"
File: pdftex.def 2011/05/27 v0.06d Graphics/color for pdfTeX

("C:/Users/xin_chen/AppData/Local/Programs/MiKTeX 2.9/tex/generic/oberdiek/infw
arerr.sty"
Package: infwarerr 2010/04/08 v1.3 Providing info/warning/error messages (HO)
)
("C:/Users/xin_chen/AppData/Local/Programs/MiKTeX 2.9/tex/generic/oberdiek/ltxc
mds.sty"
Package: ltxcmds 2011/11/09 v1.22 LaTeX kernel commands for general use (HO)
)
\Gread@gobject=\count105
))
\Gin@req@height=\dimen127
\Gin@req@width=\dimen128
)
("C:/Users/xin_chen/AppData/Local/Programs/MiKTeX 2.9/tex/latex/pgf/systemlayer
/pgfsys.sty"
("C:/Users/xin_chen/AppData/Local/Programs/MiKTeX 2.9/tex/latex/pgf/utilities/p
gfrcs.sty"
("C:/Users/xin_chen/AppData/Local/Programs/MiKTeX 2.9/tex/generic/pgf/utilities
/pgfutil-common.tex"
\pgfutil@everybye=\toks16
\pgfutil@tempdima=\dimen129
\pgfutil@tempdimb=\dimen130

("C:/Users/xin_chen/AppData/Local/Programs/MiKTeX 2.9/tex/generic/pgf/utilities
/pgfutil-common-lists.tex"))
("C:/Users/xin_chen/AppData/Local/Programs/MiKTeX 2.9/tex/generic/pgf/utilities
/pgfutil-latex.def"
\pgfutil@abb=\box34

("C:/Users/xin_chen/AppData/Local/Programs/MiKTeX 2.9/tex/latex/ms/everyshi.sty
"
Package: everyshi 2001/05/15 v3.00 EveryShipout Package (MS)
))
("C:/Users/xin_chen/AppData/Local/Programs/MiKTeX 2.9/tex/generic/pgf/utilities
/pgfrcs.code.tex"
Package: pgfrcs 2015/08/07 v3.0.1a (rcs-revision 1.31)
))
("C:/Users/xin_chen/AppData/Local/Programs/MiKTeX 2.9/tex/generic/pgf/systemlay
er/pgfsys.code.tex"
Package: pgfsys 2014/07/09 v3.0.1a (rcs-revision 1.48)

("C:/Users/xin_chen/AppData/Local/Programs/MiKTeX 2.9/tex/generic/pgf/utilities
/pgfkeys.code.tex"
\pgfkeys@pathtoks=\toks17
\pgfkeys@temptoks=\toks18

("C:/Users/xin_chen/AppData/Local/Programs/MiKTeX 2.9/tex/generic/pgf/utilities
/pgfkeysfiltered.code.tex"
\pgfkeys@tmptoks=\toks19
))
\pgf@x=\dimen131
\pgf@y=\dimen132
\pgf@xa=\dimen133
\pgf@ya=\dimen134
\pgf@xb=\dimen135
\pgf@yb=\dimen136
\pgf@xc=\dimen137
\pgf@yc=\dimen138
\w@pgf@writea=\write3
\r@pgf@reada=\read1
\c@pgf@counta=\count106
\c@pgf@countb=\count107
\c@pgf@countc=\count108
\c@pgf@countd=\count109
\t@pgf@toka=\toks20
\t@pgf@tokb=\toks21
\t@pgf@tokc=\toks22

("C:/Users/xin_chen/AppData/Local/Programs/MiKTeX 2.9/tex/generic/pgf/systemlay
er/pgf.cfg"
File: pgf.cfg 2008/05/14  (rcs-revision 1.7)
)
Driver file for pgf: pgfsys-pdftex.def

("C:/Users/xin_chen/AppData/Local/Programs/MiKTeX 2.9/tex/generic/pgf/systemlay
er/pgfsys-pdftex.def"
File: pgfsys-pdftex.def 2014/10/11  (rcs-revision 1.35)

("C:/Users/xin_chen/AppData/Local/Programs/MiKTeX 2.9/tex/generic/pgf/systemlay
er/pgfsys-common-pdf.def"
File: pgfsys-common-pdf.def 2013/10/10  (rcs-revision 1.13)
)))
("C:/Users/xin_chen/AppData/Local/Programs/MiKTeX 2.9/tex/generic/pgf/systemlay
er/pgfsyssoftpath.code.tex"
File: pgfsyssoftpath.code.tex 2013/09/09  (rcs-revision 1.9)
\pgfsyssoftpath@smallbuffer@items=\count110
\pgfsyssoftpath@bigbuffer@items=\count111
)
("C:/Users/xin_chen/AppData/Local/Programs/MiKTeX 2.9/tex/generic/pgf/systemlay
er/pgfsysprotocol.code.tex"
File: pgfsysprotocol.code.tex 2006/10/16  (rcs-revision 1.4)
))
("C:/Users/xin_chen/AppData/Local/Programs/MiKTeX 2.9/tex/latex/xcolor/xcolor.s
ty"
Package: xcolor 2007/01/21 v2.11 LaTeX color extensions (UK)

("C:/Users/xin_chen/AppData/Local/Programs/MiKTeX 2.9/tex/latex/00miktex/color.
cfg"
File: color.cfg 2007/01/18 v1.5 color configuration of teTeX/TeXLive
)
Package xcolor Info: Driver file: pdftex.def on input line 225.
Package xcolor Info: Model `cmy' substituted by `cmy0' on input line 1337.
Package xcolor Info: Model `hsb' substituted by `rgb' on input line 1341.
Package xcolor Info: Model `RGB' extended on input line 1353.
Package xcolor Info: Model `HTML' substituted by `rgb' on input line 1355.
Package xcolor Info: Model `Hsb' substituted by `hsb' on input line 1356.
Package xcolor Info: Model `tHsb' substituted by `hsb' on input line 1357.
Package xcolor Info: Model `HSB' substituted by `hsb' on input line 1358.
Package xcolor Info: Model `Gray' substituted by `gray' on input line 1359.
Package xcolor Info: Model `wave' substituted by `hsb' on input line 1360.
)
("C:/Users/xin_chen/AppData/Local/Programs/MiKTeX 2.9/tex/generic/pgf/basiclaye
r/pgfcore.code.tex"
Package: pgfcore 2010/04/11 v3.0.1a (rcs-revision 1.7)

("C:/Users/xin_chen/AppData/Local/Programs/MiKTeX 2.9/tex/generic/pgf/math/pgfm
ath.code.tex"
("C:/Users/xin_chen/AppData/Local/Programs/MiKTeX 2.9/tex/generic/pgf/math/pgfm
athcalc.code.tex"
("C:/Users/xin_chen/AppData/Local/Programs/MiKTeX 2.9/tex/generic/pgf/math/pgfm
athutil.code.tex")
("C:/Users/xin_chen/AppData/Local/Programs/MiKTeX 2.9/tex/generic/pgf/math/pgfm
athparser.code.tex"
\pgfmath@dimen=\dimen139
\pgfmath@count=\count112
\pgfmath@box=\box35
\pgfmath@toks=\toks23
\pgfmath@stack@operand=\toks24
\pgfmath@stack@operation=\toks25
)
("C:/Users/xin_chen/AppData/Local/Programs/MiKTeX 2.9/tex/generic/pgf/math/pgfm
athfunctions.code.tex"
("C:/Users/xin_chen/AppData/Local/Programs/MiKTeX 2.9/tex/generic/pgf/math/pgfm
athfunctions.basic.code.tex")
("C:/Users/xin_chen/AppData/Local/Programs/MiKTeX 2.9/tex/generic/pgf/math/pgfm
athfunctions.trigonometric.code.tex")
("C:/Users/xin_chen/AppData/Local/Programs/MiKTeX 2.9/tex/generic/pgf/math/pgfm
athfunctions.random.code.tex")
("C:/Users/xin_chen/AppData/Local/Programs/MiKTeX 2.9/tex/generic/pgf/math/pgfm
athfunctions.comparison.code.tex")
("C:/Users/xin_chen/AppData/Local/Programs/MiKTeX 2.9/tex/generic/pgf/math/pgfm
athfunctions.base.code.tex")
("C:/Users/xin_chen/AppData/Local/Programs/MiKTeX 2.9/tex/generic/pgf/math/pgfm
athfunctions.round.code.tex")
("C:/Users/xin_chen/AppData/Local/Programs/MiKTeX 2.9/tex/generic/pgf/math/pgfm
athfunctions.misc.code.tex")
("C:/Users/xin_chen/AppData/Local/Programs/MiKTeX 2.9/tex/generic/pgf/math/pgfm
athfunctions.integerarithmetics.code.tex")))
("C:/Users/xin_chen/AppData/Local/Programs/MiKTeX 2.9/tex/generic/pgf/math/pgfm
athfloat.code.tex"
\c@pgfmathroundto@lastzeros=\count113
))
("C:/Users/xin_chen/AppData/Local/Programs/MiKTeX 2.9/tex/generic/pgf/basiclaye
r/pgfcorepoints.code.tex"
File: pgfcorepoints.code.tex 2013/10/07  (rcs-revision 1.27)
\pgf@picminx=\dimen140
\pgf@picmaxx=\dimen141
\pgf@picminy=\dimen142
\pgf@picmaxy=\dimen143
\pgf@pathminx=\dimen144
\pgf@pathmaxx=\dimen145
\pgf@pathminy=\dimen146
\pgf@pathmaxy=\dimen147
\pgf@xx=\dimen148
\pgf@xy=\dimen149
\pgf@yx=\dimen150
\pgf@yy=\dimen151
\pgf@zx=\dimen152
\pgf@zy=\dimen153
)
("C:/Users/xin_chen/AppData/Local/Programs/MiKTeX 2.9/tex/generic/pgf/basiclaye
r/pgfcorepathconstruct.code.tex"
File: pgfcorepathconstruct.code.tex 2013/10/07  (rcs-revision 1.29)
\pgf@path@lastx=\dimen154
\pgf@path@lasty=\dimen155
)
("C:/Users/xin_chen/AppData/Local/Programs/MiKTeX 2.9/tex/generic/pgf/basiclaye
r/pgfcorepathusage.code.tex"
File: pgfcorepathusage.code.tex 2014/11/02  (rcs-revision 1.24)
\pgf@shorten@end@additional=\dimen156
\pgf@shorten@start@additional=\dimen157
)
("C:/Users/xin_chen/AppData/Local/Programs/MiKTeX 2.9/tex/generic/pgf/basiclaye
r/pgfcorescopes.code.tex"
File: pgfcorescopes.code.tex 2015/05/08  (rcs-revision 1.46)
\pgfpic=\box36
\pgf@hbox=\box37
\pgf@layerbox@main=\box38
\pgf@picture@serial@count=\count114
)
("C:/Users/xin_chen/AppData/Local/Programs/MiKTeX 2.9/tex/generic/pgf/basiclaye
r/pgfcoregraphicstate.code.tex"
File: pgfcoregraphicstate.code.tex 2014/11/02  (rcs-revision 1.12)
\pgflinewidth=\dimen158
)
("C:/Users/xin_chen/AppData/Local/Programs/MiKTeX 2.9/tex/generic/pgf/basiclaye
r/pgfcoretransformations.code.tex"
File: pgfcoretransformations.code.tex 2015/08/07  (rcs-revision 1.20)
\pgf@pt@x=\dimen159
\pgf@pt@y=\dimen160
\pgf@pt@temp=\dimen161
)
("C:/Users/xin_chen/AppData/Local/Programs/MiKTeX 2.9/tex/generic/pgf/basiclaye
r/pgfcorequick.code.tex"
File: pgfcorequick.code.tex 2008/10/09  (rcs-revision 1.3)
)
("C:/Users/xin_chen/AppData/Local/Programs/MiKTeX 2.9/tex/generic/pgf/basiclaye
r/pgfcoreobjects.code.tex"
File: pgfcoreobjects.code.tex 2006/10/11  (rcs-revision 1.2)
)
("C:/Users/xin_chen/AppData/Local/Programs/MiKTeX 2.9/tex/generic/pgf/basiclaye
r/pgfcorepathprocessing.code.tex"
File: pgfcorepathprocessing.code.tex 2013/09/09  (rcs-revision 1.9)
)
("C:/Users/xin_chen/AppData/Local/Programs/MiKTeX 2.9/tex/generic/pgf/basiclaye
r/pgfcorearrows.code.tex"
File: pgfcorearrows.code.tex 2015/05/14  (rcs-revision 1.43)
\pgfarrowsep=\dimen162
)
("C:/Users/xin_chen/AppData/Local/Programs/MiKTeX 2.9/tex/generic/pgf/basiclaye
r/pgfcoreshade.code.tex"
File: pgfcoreshade.code.tex 2013/07/15  (rcs-revision 1.15)
\pgf@max=\dimen163
\pgf@sys@shading@range@num=\count115
)
("C:/Users/xin_chen/AppData/Local/Programs/MiKTeX 2.9/tex/generic/pgf/basiclaye
r/pgfcoreimage.code.tex"
File: pgfcoreimage.code.tex 2013/07/15  (rcs-revision 1.18)

("C:/Users/xin_chen/AppData/Local/Programs/MiKTeX 2.9/tex/generic/pgf/basiclaye
r/pgfcoreexternal.code.tex"
File: pgfcoreexternal.code.tex 2014/07/09  (rcs-revision 1.21)
\pgfexternal@startupbox=\box39
))
("C:/Users/xin_chen/AppData/Local/Programs/MiKTeX 2.9/tex/generic/pgf/basiclaye
r/pgfcorelayers.code.tex"
File: pgfcorelayers.code.tex 2013/07/18  (rcs-revision 1.7)
)
("C:/Users/xin_chen/AppData/Local/Programs/MiKTeX 2.9/tex/generic/pgf/basiclaye
r/pgfcoretransparency.code.tex"
File: pgfcoretransparency.code.tex 2013/09/30  (rcs-revision 1.5)
)
("C:/Users/xin_chen/AppData/Local/Programs/MiKTeX 2.9/tex/generic/pgf/basiclaye
r/pgfcorepatterns.code.tex"
File: pgfcorepatterns.code.tex 2013/11/07  (rcs-revision 1.5)
)))
("C:/Users/xin_chen/AppData/Local/Programs/MiKTeX 2.9/tex/latex/pgf/utilities/x
xcolor.sty"
Package: xxcolor 2003/10/24 ver 0.1
\XC@nummixins=\count116
\XC@countmixins=\count117
)
("C:/Users/xin_chen/AppData/Local/Programs/MiKTeX 2.9/tex/generic/oberdiek/atbe
gshi.sty"
Package: atbegshi 2011/10/05 v1.16 At begin shipout hook (HO)
)
("C:/Users/xin_chen/AppData/Local/Programs/MiKTeX 2.9/tex/latex/hyperref/hyperr
ef.sty"
Package: hyperref 2012/11/06 v6.83m Hypertext links for LaTeX

("C:/Users/xin_chen/AppData/Local/Programs/MiKTeX 2.9/tex/generic/oberdiek/hobs
ub-hyperref.sty"
Package: hobsub-hyperref 2012/04/25 v1.12 Bundle oberdiek, subset hyperref (HO)

("C:/Users/xin_chen/AppData/Local/Programs/MiKTeX 2.9/tex/generic/oberdiek/hobs
ub-generic.sty"
Package: hobsub-generic 2012/04/25 v1.12 Bundle oberdiek, subset generic (HO)
Package: hobsub 2012/04/25 v1.12 Construct package bundles (HO)
Package hobsub Info: Skipping package `infwarerr' (already loaded).
Package hobsub Info: Skipping package `ltxcmds' (already loaded).
Package: ifluatex 2010/03/01 v1.3 Provides the ifluatex switch (HO)
Package ifluatex Info: LuaTeX detected.
Package hobsub Info: Skipping package `ifvtex' (already loaded).
Package: intcalc 2007/09/27 v1.1 Expandable calculations with integers (HO)
Package hobsub Info: Skipping package `ifpdf' (already loaded).
Package: etexcmds 2011/02/16 v1.5 Avoid name clashes with e-TeX commands (HO)
Package: kvsetkeys 2012/04/25 v1.16 Key value parser (HO)
Package: kvdefinekeys 2011/04/07 v1.3 Define keys (HO)
Package: luatex-loader 2010/03/09 v0.4 Lua module loader (HO)

(C:/Users/xin_chen/AppData/Local/Programs/MiKTeX 2.9/scripts/oberdiek/oberdiek.l
uatex.lua)
Package: pdftexcmds 2011/11/29 v0.20 Utility functions of pdfTeX for LuaTeX (HO)

Package pdftexcmds Info: \pdf@primitive is available.
Package pdftexcmds Info: \pdf@ifprimitive is available.
Package pdftexcmds Info: \pdfdraftmode found.
\pdftexcmds@toks=\toks26
Package: pdfescape 2011/11/25 v1.13 Implements pdfTeX's escape features (HO)
Package: bigintcalc 2012/04/08 v1.3 Expandable calculations on big integers (HO)

Package: bitset 2011/01/30 v1.1 Handle bit-vector datatype (HO)
Package: uniquecounter 2011/01/30 v1.2 Provide unlimited unique counter (HO)
)
Package hobsub Info: Skipping package `hobsub' (already loaded).
Package: letltxmacro 2010/09/02 v1.4 Let assignment for LaTeX macros (HO)
Package: hopatch 2011/06/24 v1.1 Wrapper for package hooks (HO)
Package: xcolor-patch 2011/01/30 xcolor patch
Package: atveryend 2011/06/30 v1.8 Hooks at the very end of document (HO)
Package atveryend Info: \enddocument detected (standard20110627).
Package hobsub Info: Skipping package `atbegshi' (already loaded).
Package: refcount 2011/10/16 v3.4 Data extraction from label references (HO)
Package: hycolor 2011/01/30 v1.7 Color options for hyperref/bookmark (HO)
)
("C:/Users/xin_chen/AppData/Local/Programs/MiKTeX 2.9/tex/latex/oberdiek/auxhoo
k.sty"
Package: auxhook 2011/03/04 v1.3 Hooks for auxiliary files (HO)
)
("C:/Users/xin_chen/AppData/Local/Programs/MiKTeX 2.9/tex/latex/oberdiek/kvopti
ons.sty"
Package: kvoptions 2011/06/30 v3.11 Key value format for package options (HO)
)
\@linkdim=\dimen164
\Hy@linkcounter=\count118
\Hy@pagecounter=\count119

("C:/Users/xin_chen/AppData/Local/Programs/MiKTeX 2.9/tex/latex/hyperref/pd1enc
.def"
File: pd1enc.def 2012/11/06 v6.83m Hyperref: PDFDocEncoding definition (HO)
)
\Hy@SavedSpaceFactor=\count120

("C:/Users/xin_chen/AppData/Local/Programs/MiKTeX 2.9/tex/latex/00miktex/hyperr
ef.cfg"
File: hyperref.cfg 2002/06/06 v1.2 hyperref configuration of TeXLive
)
Package hyperref Info: Option `bookmarks' set `true' on input line 4319.
Package hyperref Info: Option `bookmarksopen' set `true' on input line 4319.
Package hyperref Info: Option `implicit' set `false' on input line 4319.
Package hyperref Info: Hyper figures OFF on input line 4443.
Package hyperref Info: Link nesting OFF on input line 4448.
Package hyperref Info: Hyper index ON on input line 4451.
Package hyperref Info: Plain pages OFF on input line 4458.
Package hyperref Info: Backreferencing OFF on input line 4463.
Package hyperref Info: Implicit mode OFF; no redefinition of LaTeX internals.
Package hyperref Info: Bookmarks ON on input line 4688.
\c@Hy@tempcnt=\count121

("C:/Users/xin_chen/AppData/Local/Programs/MiKTeX 2.9/tex/latex/url/url.sty"
\Urlmuskip=\muskip10
Package: url 2013/09/16  ver 3.4  Verb mode for urls, etc.
)
LaTeX Info: Redefining \url on input line 5041.
\XeTeXLinkMargin=\dimen165
\Fld@menulength=\count122
\Field@Width=\dimen166
\Fld@charsize=\dimen167
Package hyperref Info: Hyper figures OFF on input line 6295.
Package hyperref Info: Link nesting OFF on input line 6300.
Package hyperref Info: Hyper index ON on input line 6303.
Package hyperref Info: backreferencing OFF on input line 6310.
Package hyperref Info: Link coloring OFF on input line 6315.
Package hyperref Info: Link coloring with OCG OFF on input line 6320.
Package hyperref Info: PDF/A mode OFF on input line 6325.
LaTeX Info: Redefining \ref on input line 6365.
LaTeX Info: Redefining \pageref on input line 6369.
\Hy@abspage=\count123


Package hyperref Message: Stopped early.

)

Package hyperref Message: Driver (autodetected): hpdftex.


("C:/Users/xin_chen/AppData/Local/Programs/MiKTeX 2.9/tex/latex/hyperref/hpdfte
x.def"
File: hpdftex.def 2012/11/06 v6.83m Hyperref driver for pdfTeX
\Fld@listcount=\count124
\c@bookmark@seq@number=\count125

("C:/Users/xin_chen/AppData/Local/Programs/MiKTeX 2.9/tex/latex/oberdiek/rerunf
ilecheck.sty"
Package: rerunfilecheck 2011/04/15 v1.7 Rerun checks for auxiliary files (HO)
Package uniquecounter Info: New unique counter `rerunfilecheck' on input line 28
2.
))
("C:/Users/xin_chen/AppData/Local/Programs/MiKTeX 2.9/tex/latex/beamer/base/bea
merbaserequires.sty"
Package: beamerbaserequires 2010/05/01  (rcs-revision efa082c6111d)

("C:/Users/xin_chen/AppData/Local/Programs/MiKTeX 2.9/tex/latex/beamer/base/bea
merbasecompatibility.sty"
Package: beamerbasecompatibility 2012/05/01  (rcs-revision 67c48b3b652d)
)
("C:/Users/xin_chen/AppData/Local/Programs/MiKTeX 2.9/tex/latex/beamer/base/bea
merbasefont.sty"
Package: beamerbasefont 2015/01/05  (rcs-revision b4b4bee242e2)

("C:/Users/xin_chen/AppData/Local/Programs/MiKTeX 2.9/tex/latex/amsfonts/amssym
b.sty"
Package: amssymb 2013/01/14 v3.01 AMS font symbols

("C:/Users/xin_chen/AppData/Local/Programs/MiKTeX 2.9/tex/latex/amsfonts/amsfon
ts.sty"
Package: amsfonts 2013/01/14 v3.01 Basic AMSFonts support
\@emptytoks=\toks27
\symAMSa=\mathgroup4
\symAMSb=\mathgroup5
LaTeX Font Info:    Overwriting math alphabet `\mathfrak' in version `bold'
(Font)                  U/euf/m/n --> U/euf/b/n on input line 106.
))
("C:/Users/xin_chen/AppData/Local/Programs/MiKTeX 2.9/tex/latex/sansmathaccent/
sansmathaccent.sty"
Package: sansmathaccent 2013/03/28

("C:/Users/xin_chen/AppData/Local/Programs/MiKTeX 2.9/tex/latex/filehook/fileho
ok.sty"
Package: filehook 2011/10/12 v0.5d Hooks for input files
)))
("C:/Users/xin_chen/AppData/Local/Programs/MiKTeX 2.9/tex/latex/beamer/base/bea
merbasetranslator.sty"
Package: beamerbasetranslator 2010/06/11  (rcs-revision 85fd1cc7fc42)

("C:/Users/xin_chen/AppData/Local/Programs/MiKTeX 2.9/tex/latex/beamer/base/tra
nslator/translator.sty"
Package: translator 2010/06/12 ver 1.10

("C:/Users/xin_chen/AppData/Local/Programs/MiKTeX 2.9/tex/latex/beamer/base/tra
nslator/translator-language-mappings.tex")))
("C:/Users/xin_chen/AppData/Local/Programs/MiKTeX 2.9/tex/latex/beamer/base/bea
merbasemisc.sty"
Package: beamerbasemisc 2013/09/03  (rcs-revision a55719c41d85)
)
("C:/Users/xin_chen/AppData/Local/Programs/MiKTeX 2.9/tex/latex/beamer/base/bea
merbasetwoscreens.sty"
Package: beamerbasetwoscreens 2010/05/01  (rcs-revision efa082c6111d)
)
("C:/Users/xin_chen/AppData/Local/Programs/MiKTeX 2.9/tex/latex/beamer/base/bea
merbaseoverlay.sty"
Package: beamerbaseoverlay 2013/12/25  (rcs-revision f6bd5e3805da)
\beamer@argscount=\count126
\beamer@lastskipcover=\skip44
\beamer@trivlistdepth=\count127
)
("C:/Users/xin_chen/AppData/Local/Programs/MiKTeX 2.9/tex/latex/beamer/base/bea
merbasetitle.sty"
Package: beamerbasetitle 2010/09/21  (rcs-revision f0446ed0b6ae)
)
("C:/Users/xin_chen/AppData/Local/Programs/MiKTeX 2.9/tex/latex/beamer/base/bea
merbasesection.sty"
Package: beamerbasesection 2013/06/07  (rcs-revision 60b9fe0f342f)
\c@lecture=\count128
\c@part=\count129
\c@section=\count130
\c@subsection=\count131
\c@subsubsection=\count132
)
("C:/Users/xin_chen/AppData/Local/Programs/MiKTeX 2.9/tex/latex/beamer/base/bea
merbaseframe.sty"
Package: beamerbaseframe 2014/02/20  (rcs-revision 4b8ceeeff434)
\beamer@framebox=\box40
\beamer@frametitlebox=\box41
\beamer@zoombox=\box42
\beamer@zoomcount=\count133
\beamer@zoomframecount=\count134
\beamer@frametextheight=\dimen168
\c@subsectionslide=\count135
\beamer@frametopskip=\skip45
\beamer@framebottomskip=\skip46
\beamer@frametopskipautobreak=\skip47
\beamer@framebottomskipautobreak=\skip48
\beamer@envbody=\toks28
\framewidth=\dimen169
\c@framenumber=\count136
)
("C:/Users/xin_chen/AppData/Local/Programs/MiKTeX 2.9/tex/latex/beamer/base/bea
merbaseverbatim.sty"
Package: beamerbaseverbatim 2015/01/05  (rcs-revision 431510bb5890)
\beamer@verbatimfileout=\write4
)
("C:/Users/xin_chen/AppData/Local/Programs/MiKTeX 2.9/tex/latex/beamer/base/bea
merbaseframesize.sty"
Package: beamerbaseframesize 2011/09/12  (rcs-revision 70f9d8411e54)
\beamer@splitbox=\box43
\beamer@autobreakcount=\count137
\beamer@autobreaklastheight=\dimen170
\beamer@frametitletoks=\toks29
\beamer@framesubtitletoks=\toks30
)
("C:/Users/xin_chen/AppData/Local/Programs/MiKTeX 2.9/tex/latex/beamer/base/bea
merbaseframecomponents.sty"
Package: beamerbaseframecomponents 2013/10/18  (rcs-revision 5cf6c5555a45)
\beamer@footins=\box44
)
("C:/Users/xin_chen/AppData/Local/Programs/MiKTeX 2.9/tex/latex/beamer/base/bea
merbasecolor.sty"
Package: beamerbasecolor 2015/02/21  (rcs-revision d944b04ee2d5)
)
("C:/Users/xin_chen/AppData/Local/Programs/MiKTeX 2.9/tex/latex/beamer/base/bea
merbasenotes.sty"
Package: beamerbasenotes 2012/12/19  (rcs-revision 1686da3db3c9)
\beamer@frameboxcopy=\box45
)
("C:/Users/xin_chen/AppData/Local/Programs/MiKTeX 2.9/tex/latex/beamer/base/bea
merbasetoc.sty"
Package: beamerbasetoc 2015/03/08  (rcs-revision 7270298bbaae)
)
("C:/Users/xin_chen/AppData/Local/Programs/MiKTeX 2.9/tex/latex/beamer/base/bea
merbasetemplates.sty"
Package: beamerbasetemplates 2010/05/01  (rcs-revision efa082c6111d)
\beamer@sbttoks=\toks31

("C:/Users/xin_chen/AppData/Local/Programs/MiKTeX 2.9/tex/latex/beamer/base/bea
merbaseauxtemplates.sty"
Package: beamerbaseauxtemplates 2014/06/30  (rcs-revision 580088513a67)

("C:/Users/xin_chen/AppData/Local/Programs/MiKTeX 2.9/tex/latex/beamer/base/bea
merbaseboxes.sty"
Package: beamerbaseboxes 2012/05/13  (rcs-revision 56972908a390)
\bmb@box=\box46
\bmb@colorbox=\box47
\bmb@boxshadow=\box48
\bmb@boxshadowball=\box49
\bmb@boxshadowballlarge=\box50
\bmb@temp=\dimen171
\bmb@dima=\dimen172
\bmb@dimb=\dimen173
\bmb@prevheight=\dimen174
)
\beamer@blockheadheight=\dimen175
))
("C:/Users/xin_chen/AppData/Local/Programs/MiKTeX 2.9/tex/latex/beamer/base/bea
merbaselocalstructure.sty"
Package: beamerbaselocalstructure 2014/09/10  (rcs-revision 393f6dcff371)

("C:/Users/xin_chen/AppData/Local/Programs/MiKTeX 2.9/tex/latex/tools/enumerate
.sty"
Package: enumerate 2015/07/23 v3.00 enumerate extensions (DPC)
\@enLab=\toks32
)
\c@figure=\count138
\c@table=\count139
\abovecaptionskip=\skip49
\belowcaptionskip=\skip50
)
("C:/Users/xin_chen/AppData/Local/Programs/MiKTeX 2.9/tex/latex/beamer/base/bea
merbasenavigation.sty"
Package: beamerbasenavigation 2015/02/27  (rcs-revision 923f4bf87efa)
\beamer@section@min@dim=\dimen176
)
("C:/Users/xin_chen/AppData/Local/Programs/MiKTeX 2.9/tex/latex/beamer/base/bea
merbasetheorems.sty"
Package: beamerbasetheorems 2010/06/06  (rcs-revision 7e7cc5e53e9d)

("C:/Users/xin_chen/AppData/Local/Programs/MiKTeX 2.9/tex/latex/amsmath/amsmath
.sty"
Package: amsmath 2013/01/14 v2.14 AMS math features
\@mathmargin=\skip51

For additional information on amsmath, use the `?' option.

("C:/Users/xin_chen/AppData/Local/Programs/MiKTeX 2.9/tex/latex/amsmath/amstext
.sty"
Package: amstext 2000/06/29 v2.01

("C:/Users/xin_chen/AppData/Local/Programs/MiKTeX 2.9/tex/latex/amsmath/amsgen.
sty"
File: amsgen.sty 1999/11/30 v2.0
\@emptytoks=\toks33
\ex@=\dimen177
))
("C:/Users/xin_chen/AppData/Local/Programs/MiKTeX 2.9/tex/latex/amsmath/amsbsy.
sty"
Package: amsbsy 1999/11/29 v1.2d
\pmbraise@=\dimen178
)
("C:/Users/xin_chen/AppData/Local/Programs/MiKTeX 2.9/tex/latex/amsmath/amsopn.
sty"
Package: amsopn 1999/12/14 v2.01 operator names
)
\inf@bad=\count140
LaTeX Info: Redefining \frac on input line 210.
\uproot@=\count141
\leftroot@=\count142
LaTeX Info: Redefining \overline on input line 306.
\classnum@=\count143
\DOTSCASE@=\count144
LaTeX Info: Redefining \ldots on input line 378.
LaTeX Info: Redefining \dots on input line 381.
LaTeX Info: Redefining \cdots on input line 466.
\Mathstrutbox@=\box51
\strutbox@=\box52
\big@size=\dimen179
LaTeX Font Info:    Redeclaring font encoding OML on input line 566.
LaTeX Font Info:    Redeclaring font encoding OMS on input line 567.
\macc@depth=\count145
\c@MaxMatrixCols=\count146
\dotsspace@=\muskip11
\c@parentequation=\count147
\dspbrk@lvl=\count148
\tag@help=\toks34
\row@=\count149
\column@=\count150
\maxfields@=\count151
\andhelp@=\toks35
\eqnshift@=\dimen180
\alignsep@=\dimen181
\tagshift@=\dimen182
\tagwidth@=\dimen183
\totwidth@=\dimen184
\lineht@=\dimen185
\@envbody=\toks36
\multlinegap=\skip52
\multlinetaggap=\skip53
\mathdisplay@stack=\toks37
LaTeX Info: Redefining \[ on input line 2665.
LaTeX Info: Redefining \] on input line 2666.
)
("C:/Users/xin_chen/AppData/Local/Programs/MiKTeX 2.9/tex/latex/amscls/amsthm.s
ty"
Package: amsthm 2015/03/04 v2.20.2
\thm@style=\toks38
\thm@bodyfont=\toks39
\thm@headfont=\toks40
\thm@notefont=\toks41
\thm@headpunct=\toks42
\thm@preskip=\skip54
\thm@postskip=\skip55
\thm@headsep=\skip56
\dth@everypar=\toks43
)
\c@theorem=\count152
)
("C:/Users/xin_chen/AppData/Local/Programs/MiKTeX 2.9/tex/latex/beamer/base/bea
merbasethemes.sty"
Package: beamerbasethemes 2010/05/01  (rcs-revision efa082c6111d)
))
("C:/Users/xin_chen/AppData/Local/Programs/MiKTeX 2.9/tex/latex/beamer/base/the
mes/theme/beamerthemedefault.sty"
Package: beamerthemedefault 2010/06/17  (rcs-revision d02a7cf4d8ae)

("C:/Users/xin_chen/AppData/Local/Programs/MiKTeX 2.9/tex/latex/beamer/base/the
mes/font/beamerfontthemedefault.sty"
Package: beamerfontthemedefault 2012/12/19  (rcs-revision 1686da3db3c9)
)
("C:/Users/xin_chen/AppData/Local/Programs/MiKTeX 2.9/tex/latex/beamer/base/the
mes/color/beamercolorthemedefault.sty"
Package: beamercolorthemedefault 2012/12/19  (rcs-revision 1686da3db3c9)
)
("C:/Users/xin_chen/AppData/Local/Programs/MiKTeX 2.9/tex/latex/beamer/base/the
mes/inner/beamerinnerthemedefault.sty"
Package: beamerinnerthemedefault 2014/06/30  (rcs-revision 580088513a67)
\beamer@dima=\dimen186
\beamer@dimb=\dimen187
)
("C:/Users/xin_chen/AppData/Local/Programs/MiKTeX 2.9/tex/latex/beamer/base/the
mes/outer/beamerouterthemedefault.sty"
Package: beamerouterthemedefault 2012/12/19  (rcs-revision 1686da3db3c9)
)))
("C:/Users/xin_chen/AppData/Local/Programs/MiKTeX 2.9/tex/latex/beamer/base/the
mes/theme/beamerthemeWarsaw.sty"
Package: beamerthemeWarsaw 2010/06/17  (rcs-revision d02a7cf4d8ae)

("C:/Users/xin_chen/AppData/Local/Programs/MiKTeX 2.9/tex/latex/beamer/base/the
mes/inner/beamerinnerthemerounded.sty"
Package: beamerinnerthemerounded 2010/06/17  (rcs-revision d02a7cf4d8ae)
)
("C:/Users/xin_chen/AppData/Local/Programs/MiKTeX 2.9/tex/latex/beamer/base/the
mes/outer/beamerouterthemeshadow.sty"
Package: beamerouterthemeshadow 2010/06/17  (rcs-revision d02a7cf4d8ae)

("C:/Users/xin_chen/AppData/Local/Programs/MiKTeX 2.9/tex/latex/beamer/base/the
mes/outer/beamerouterthemesplit.sty"
Package: beamerouterthemesplit 2012/10/16  (rcs-revision 51a8c72084af)
))
("C:/Users/xin_chen/AppData/Local/Programs/MiKTeX 2.9/tex/latex/beamer/base/the
mes/color/beamercolorthemeorchid.sty"
Package: beamercolorthemeorchid 2010/06/17  (rcs-revision d02a7cf4d8ae)
)
("C:/Users/xin_chen/AppData/Local/Programs/MiKTeX 2.9/tex/latex/beamer/base/the
mes/color/beamercolorthemewhale.sty"
Package: beamercolorthemewhale 2010/06/17  (rcs-revision d02a7cf4d8ae)
))
("C:/Users/xin_chen/AppData/Local/Programs/MiKTeX 2.9/tex/generic/babel/babel.s
ty"
Package: babel 2016/01/08 3.9n The Babel package

*************************************
* Local config file bblopts.cfg used
*

("C:/Users/xin_chen/AppData/Local/Programs/MiKTeX 2.9/tex/latex/00miktex/bblopt
s.cfg"
File: bblopts.cfg 2006/07/31 v1.0 MiKTeX 'babel' configuration
)
("C:/Users/xin_chen/AppData/Local/Programs/MiKTeX 2.9/tex/latex/babel-english/e
nglish.ldf"
Language: english 2012/08/20 v3.3p English support from the babel system

("C:/Users/xin_chen/AppData/Local/Programs/MiKTeX 2.9/tex/generic/babel/babel.d
ef"
File: babel.def 2016/01/08 3.9n Babel common definitions
\babel@savecnt=\count153
\U@D=\dimen188

("C:/Users/xin_chen/AppData/Local/Programs/MiKTeX 2.9/tex/generic/babel/luababe
l.def"
luatex-hyphen: using data file: //hcs-data/xin_chen$/AppData/MiKTeX/2.9/tex/gene
ric/config/language.dat.lua)
LaTeX Info: Redefining \textlatin on input line 1438.
)
\l@canadian = a dialect from \language\l@american 
\l@australian = a dialect from \language\l@british 
\l@newzealand = a dialect from \language\l@british 
))
("C:/Users/xin_chen/AppData/Local/Programs/MiKTeX 2.9/tex/latex/base/inputenc.s
ty"
Package: inputenc 2015/03/17 v1.2c Input encoding file
\inpenc@prehook=\toks44
\inpenc@posthook=\toks45


Package inputenc Warning: inputenc package ignored with utf8 based engines.

)
("C:/Users/xin_chen/AppData/Local/Programs/MiKTeX 2.9/tex/latex/psnfss/times.st
y"
Package: times 2005/04/12 PSNFSS-v9.2a (SPQR) 
)
("C:/Users/xin_chen/AppData/Local/Programs/MiKTeX 2.9/tex/latex/base/fontenc.st
y"
Package: fontenc 2005/09/27 v1.99g Standard LaTeX package

("C:/Users/xin_chen/AppData/Local/Programs/MiKTeX 2.9/tex/latex/base/t1enc.def"
File: t1enc.def 2005/09/27 v1.99g Standard LaTeX file
LaTeX Font Info:    Redeclaring font encoding T1 on input line 48.
)) (./untitled-4.aux)
\openout1 = untitled-4.aux

LaTeX Font Info:    Checking defaults for OML/cmm/m/it on input line 112.
LaTeX Font Info:    ... okay on input line 112.
LaTeX Font Info:    Checking defaults for T1/cmr/m/n on input line 112.
LaTeX Font Info:    ... okay on input line 112.
LaTeX Font Info:    Checking defaults for OT1/cmr/m/n on input line 112.
LaTeX Font Info:    ... okay on input line 112.
LaTeX Font Info:    Checking defaults for OMS/cmsy/m/n on input line 112.
LaTeX Font Info:    ... okay on input line 112.
LaTeX Font Info:    Checking defaults for OMX/cmex/m/n on input line 112.
LaTeX Font Info:    ... okay on input line 112.
LaTeX Font Info:    Checking defaults for U/cmr/m/n on input line 112.
LaTeX Font Info:    ... okay on input line 112.
LaTeX Font Info:    Checking defaults for PD1/pdf/m/n on input line 112.
LaTeX Font Info:    ... okay on input line 112.
LaTeX Font Info:    Try loading font information for T1+phv on input line 112.

("C:/Users/xin_chen/AppData/Local/Programs/MiKTeX 2.9/tex/latex/psnfss/t1phv.fd
"
File: t1phv.fd 2001/06/04 scalable font definitions for T1/phv.
)
*geometry* driver: auto-detecting
*geometry* detected driver: pdftex
*geometry* verbose mode - [ preamble ] result:
* driver: pdftex
* paper: custom
* layout: <same size as paper>
* layoutoffset:(h,v)=(0.0pt,0.0pt)
* modes: includehead includefoot 
* h-part:(L,W,R)=(28.45274pt, 307.28987pt, 28.45274pt)
* v-part:(T,H,B)=(0.0pt, 273.14662pt, 0.0pt)
* \paperwidth=364.19536pt
* \paperheight=273.14662pt
* \textwidth=307.28987pt
* \textheight=244.6939pt
* \oddsidemargin=-43.81725pt
* \evensidemargin=-43.81725pt
* \topmargin=-72.26999pt
* \headheight=14.22636pt
* \headsep=0.0pt
* \topskip=11.0pt
* \footskip=14.22636pt
* \marginparwidth=4.0pt
* \marginparsep=10.0pt
* \columnsep=10.0pt
* \skip\footins=10.0pt plus 4.0pt minus 2.0pt
* \hoffset=0.0pt
* \voffset=0.0pt
* \mag=1000
* \@twocolumnfalse
* \@twosidefalse
* \@mparswitchfalse
* \@reversemarginfalse
* (1in=72.27pt=25.4mm, 1cm=28.453pt)


("C:/Users/xin_chen/AppData/Local/Programs/MiKTeX 2.9/tex/context/base/supp-pdf
.mkii"
[Loading MPS to PDF converter (version 2006.09.02).]
\scratchcounter=\count154
\scratchdimen=\dimen189
\scratchbox=\box53
\nofMPsegments=\count155
\nofMParguments=\count156
\everyMPshowfont=\toks46
\MPscratchCnt=\count157
\MPscratchDim=\dimen190
\MPnumerator=\count158
\makeMPintoPDFobject=\count159
\everyMPtoPDFconversion=\toks47
) ABD: EveryShipout initializing macros
\AtBeginShipoutBox=\box54
Package hyperref Info: Link coloring OFF on input line 112.

("C:/Users/xin_chen/AppData/Local/Programs/MiKTeX 2.9/tex/latex/hyperref/namere
f.sty"
Package: nameref 2012/10/27 v2.43 Cross-referencing by name of section

("C:/Users/xin_chen/AppData/Local/Programs/MiKTeX 2.9/tex/generic/oberdiek/gett
itlestring.sty"
Package: gettitlestring 2010/12/03 v1.4 Cleanup title references (HO)
)
\c@section@level=\count160
)
LaTeX Info: Redefining \ref on input line 112.
LaTeX Info: Redefining \pageref on input line 112.
LaTeX Info: Redefining \nameref on input line 112.
 (./untitled-4.out) (./untitled-4.out)
\@outlinefile=\write5

\openout5 = untitled-4.out
LaTeX Font Info:    Overwriting symbol font `operators' in version `normal'
(Font)                  OT1/cmr/m/n --> OT1/cmss/m/n on input line 112.
LaTeX Font Info:    Overwriting symbol font `operators' in version `bold'
(Font)                  OT1/cmr/bx/n --> OT1/cmss/bx/n on input line 112.
\symnumbers=\mathgroup6
\sympureletters=\mathgroup7
LaTeX Font Info:    Overwriting math alphabet `\mathrm' in version `normal'
(Font)                  OT1/cmss/m/n --> T1/ptm/m/n on input line 112.
LaTeX Font Info:    Redeclaring math alphabet \mathbf on input line 112.
LaTeX Font Info:    Overwriting math alphabet `\mathbf' in version `normal'
(Font)                  OT1/cmr/bx/n --> T1/phv/bx/n on input line 112.
LaTeX Font Info:    Overwriting math alphabet `\mathbf' in version `bold'
(Font)                  OT1/cmr/bx/n --> T1/phv/bx/n on input line 112.
LaTeX Font Info:    Redeclaring math alphabet \mathsf on input line 112.
LaTeX Font Info:    Overwriting math alphabet `\mathsf' in version `normal'
(Font)                  OT1/cmss/m/n --> T1/phv/m/n on input line 112.
LaTeX Font Info:    Overwriting math alphabet `\mathsf' in version `bold'
(Font)                  OT1/cmss/bx/n --> T1/phv/m/n on input line 112.
LaTeX Font Info:    Redeclaring math alphabet \mathit on input line 112.
LaTeX Font Info:    Overwriting math alphabet `\mathit' in version `normal'
(Font)                  OT1/cmr/m/it --> T1/phv/m/it on input line 112.
LaTeX Font Info:    Overwriting math alphabet `\mathit' in version `bold'
(Font)                  OT1/cmr/bx/it --> T1/phv/m/it on input line 112.
LaTeX Font Info:    Redeclaring math alphabet \mathtt on input line 112.
LaTeX Font Info:    Overwriting math alphabet `\mathtt' in version `normal'
(Font)                  OT1/cmtt/m/n --> T1/pcr/m/n on input line 112.
LaTeX Font Info:    Overwriting math alphabet `\mathtt' in version `bold'
(Font)                  OT1/cmtt/m/n --> T1/pcr/m/n on input line 112.
LaTeX Font Info:    Overwriting symbol font `numbers' in version `bold'
(Font)                  T1/phv/m/n --> T1/phv/bx/n on input line 112.
LaTeX Font Info:    Overwriting symbol font `pureletters' in version `bold'
(Font)                  T1/phv/m/it --> T1/phv/bx/it on input line 112.
LaTeX Font Info:    Overwriting math alphabet `\mathrm' in version `bold'
(Font)                  OT1/cmss/bx/n --> T1/ptm/bx/n on input line 112.
LaTeX Font Info:    Overwriting math alphabet `\mathbf' in version `bold'
(Font)                  T1/phv/bx/n --> T1/phv/bx/n on input line 112.
LaTeX Font Info:    Overwriting math alphabet `\mathsf' in version `bold'
(Font)                  T1/phv/m/n --> T1/phv/bx/n on input line 112.
LaTeX Font Info:    Overwriting math alphabet `\mathit' in version `bold'
(Font)                  T1/phv/m/it --> T1/phv/bx/it on input line 112.
LaTeX Font Info:    Overwriting math alphabet `\mathtt' in version `bold'
(Font)                  T1/pcr/m/n --> T1/pcr/bx/n on input line 112.

("C:/Users/xin_chen/AppData/Local/Programs/MiKTeX 2.9/tex/latex/beamer/base/tra
nslator/dicts/translator-basic-dictionary/translator-basic-dictionary-English.d
ict"
Dictionary: translator-basic-dictionary, Language: English 
)
("C:/Users/xin_chen/AppData/Local/Programs/MiKTeX 2.9/tex/latex/beamer/base/tra
nslator/dicts/translator-bibliography-dictionary/translator-bibliography-dictio
nary-English.dict"
Dictionary: translator-bibliography-dictionary, Language: English 
)
("C:/Users/xin_chen/AppData/Local/Programs/MiKTeX 2.9/tex/latex/beamer/base/tra
nslator/dicts/translator-environment-dictionary/translator-environment-dictiona
ry-English.dict"
Dictionary: translator-environment-dictionary, Language: English 
)
("C:/Users/xin_chen/AppData/Local/Programs/MiKTeX 2.9/tex/latex/beamer/base/tra
nslator/dicts/translator-months-dictionary/translator-months-dictionary-English
.dict"
Dictionary: translator-months-dictionary, Language: English 
)
("C:/Users/xin_chen/AppData/Local/Programs/MiKTeX 2.9/tex/latex/beamer/base/tra
nslator/dicts/translator-numbers-dictionary/translator-numbers-dictionary-Engli
sh.dict"
Dictionary: translator-numbers-dictionary, Language: English 
)
("C:/Users/xin_chen/AppData/Local/Programs/MiKTeX 2.9/tex/latex/beamer/base/tra
nslator/dicts/translator-theorem-dictionary/translator-theorem-dictionary-Engli
sh.dict"
Dictionary: translator-theorem-dictionary, Language: English 
)
LaTeX Info: Redefining \includegraphics on input line 112.
 (./untitled-4.nav)
LaTeX Font Info:    Try loading font information for U+msa on input line 116.

("C:/Users/xin_chen/AppData/Local/Programs/MiKTeX 2.9/tex/latex/amsfonts/umsa.f
d"
File: umsa.fd 2013/01/14 v3.01 AMS symbols A
)
LaTeX Font Info:    Try loading font information for U+msb on input line 116.

("C:/Users/xin_chen/AppData/Local/Programs/MiKTeX 2.9/tex/latex/amsfonts/umsb.f
d"
File: umsb.fd 2013/01/14 v3.01 AMS symbols B
)
LaTeX Font Info:    Font shape `T1/phv/m/it' in size <10.95> not available
(Font)              Font shape `T1/phv/m/sl' tried instead on input line 116.
LaTeX Font Info:    Font shape `T1/phv/m/it' in size <8> not available
(Font)              Font shape `T1/phv/m/sl' tried instead on input line 116.
LaTeX Font Info:    Font shape `T1/phv/m/it' in size <6> not available
(Font)              Font shape `T1/phv/m/sl' tried instead on input line 116.
LaTeX Font Info:    Font shape `T1/phv/m/it' in size <5> not available
(Font)              Font shape `T1/phv/m/sl' tried instead on input line 116.
 [1{C:/Users/xin_chen/AppData/Local/MiKTeX/2.9/pdftex/config/pdftex.map}

]
(./untitled-4.toc) [2

] (./untitled-4.toc) [3

]
LaTeX Font Info:    Try loading font information for T1+pcr on input line 155.

("C:/Users/xin_chen/AppData/Local/Programs/MiKTeX 2.9/tex/latex/psnfss/t1pcr.fd
"
File: t1pcr.fd 2001/06/04 font definitions for T1/pcr.
) [4

] [5

] [6

] [7

] [8

] [9

] [10

] (./untitled-4.toc) [11

] [12

] [13

]
(./untitled-4.toc) [14

] [15

] [16

] [17

] (./untitled-4.toc) [18

] [19

] [20

]
[21

] [22

] [23

<C:/Users/xin_chen/AppData/Local/Programs/MiKTeX 2.9/tex/latex/beamer/base/art/b
eamericonbook.pdf><C:/Users/xin_chen/AppData/Local/Programs/MiKTeX 2.9/tex/latex
/beamer/base/art/beamericonarticle.pdf>]
\tf@nav=\write6

\openout6 = untitled-4.nav
\tf@toc=\write7

\openout7 = untitled-4.toc
\tf@snm=\write8

\openout8 = untitled-4.snm
Package atveryend Info: Empty hook `BeforeClearDocument' on input line 286.
Package atveryend Info: Empty hook `AfterLastShipout' on input line 286.
 (./untitled-4.aux)
Package atveryend Info: Executing hook `AtVeryEndDocument' on input line 286.
Package atveryend Info: Executing hook `AtEndAfterFileList' on input line 286.
Package rerunfilecheck Info: File `untitled-4.out' has not changed.
(rerunfilecheck)             Checksum: 91A8D3D64D7DC48FB3DA2B62896F237F;404.
Package atveryend Info: Empty hook `AtVeryVeryEnd' on input line 286.
)

Here is how much of LuaTeX's memory you used:
 18408 strings out of 494933
 100000,460012 words of node,token memory allocated
 4058 words of node memory still in use:
    nodes
   avail lists: 1:1,2:36,3:449,4:665,5:135,6:535,7:13,8:46,9:279,10:74
 20983 multiletter control sequences out of 65536+200000
 70 fonts using 2760911 bytes
 56i,19n,68p,389b,698s stack positions out of 5000i,500n,10000p,200000b,50000s
{C:/Users/xin_chen/AppData/Local/Programs/MiKTeX 2.9/fonts/enc/dvips/fontname/8r
.enc}<<C:/Users/xin_chen/AppData/Local/Programs/MiKTeX 2.9/fonts/type1/urw/couri
er/ucrr8a.pfb><<C:/Users/xin_chen/AppData/Local/Programs/MiKTeX 2.9/fonts/type1/
urw/helvetic/uhvr8a.pfb><<C:/Users/xin_chen/AppData/Local/Programs/MiKTeX 2.9/fo
nts/type1/urw/helvetic/uhvro8a.pfb>
Output written on untitled-4.pdf (23 pages, 207772 bytes).

PDF statistics: 912 PDF objects out of 1000 (max. 8388607)
 59 named destinations out of 1000 (max. 131072)
 142 words of extra memory for PDF output out of 10000 (max. 10000000)

